<?xml version="1.0" encoding="UTF-8"?>
<!-- Generated by org.testng.reporters.JUnitReportReporter -->
<testsuite hostname="DELL-PC" failures="0" tests="3" name="FacebookLoginTest3" time="3.046" errors="0" timestamp="2023-07-28T20:14:06 IST" skipped="0">
  <testcase classname="FacebookLoginTest3" name="testInvalidFacebookLogin" time="0.828"/>
  <testcase classname="FacebookLoginTest3" name="testUpdateProfile" time="0.835"/>
  <testcase classname="FacebookLoginTest3" name="testValidFacebookLogin" time="1.383"/>
</testsuite> <!-- FacebookLoginTest3 -->
