<?xml version="1.0" encoding="UTF-8"?>
<!-- Generated by org.testng.reporters.JUnitReportReporter -->
<testsuite hostname="DELL-PC" failures="0" tests="3" name="TestDataProviderDemo" time="0.005" errors="0" timestamp="2023-07-28T20:26:37 IST" skipped="0">
  <testcase classname="TestDataProviderDemo" name="testLogin" time="0.000"/>
  <testcase classname="TestDataProviderDemo" name="testLogin" time="0.001"/>
  <testcase classname="TestDataProviderDemo" name="testLogin" time="0.004"/>
</testsuite> <!-- TestDataProviderDemo -->
