<?xml version="1.0" encoding="UTF-8"?>
<!-- Generated by org.testng.reporters.JUnitReportReporter -->
<testsuite hostname="DELL-PC" failures="0" tests="3" name="FacebookLoginTest2" time="14.929" errors="0" timestamp="2023-07-28T19:58:30 IST" skipped="0">
  <testcase classname="FacebookLoginTest2" name="testFacebookLogin" time="5.444"/>
  <testcase classname="FacebookLoginTest2" name="testFacebookLogin" time="4.773"/>
  <testcase classname="FacebookLoginTest2" name="testFacebookLogin" time="4.712"/>
</testsuite> <!-- FacebookLoginTest2 -->
