<?xml version="1.0" encoding="UTF-8"?>
<!-- Generated by org.testng.reporters.JUnitReportReporter -->
<testsuite hostname="DELL-PC" failures="0" tests="4" name="TestNGGroupsDemo" time="0.009" errors="0" timestamp="2023-07-28T20:23:37 IST" skipped="0">
  <testcase classname="TestNGGroupsDemo" name="testMethod1" time="0.006"/>
  <testcase classname="TestNGGroupsDemo" name="testMethod2" time="0.002"/>
  <testcase classname="TestNGGroupsDemo" name="testMethod3" time="0.000"/>
  <testcase classname="TestNGGroupsDemo" name="testMethod4" time="0.001"/>
</testsuite> <!-- TestNGGroupsDemo -->
