<?xml version="1.0" encoding="UTF-8"?>
<!-- Generated by org.testng.reporters.JUnitReportReporter -->
<testsuite hostname="DELL-PC" failures="0" tests="1" name="FacebookLoginTest1" time="4.062" errors="0" timestamp="2023-07-28T19:55:01 IST" skipped="0">
  <testcase classname="FacebookLoginTest1" name="testFacebookLogin" time="4.062"/>
</testsuite> <!-- FacebookLoginTest1 -->
